<?xml version="1.0" encoding="UTF-8"?>
<!-- Generated by org.testng.reporters.JUnitReportReporter -->
<testsuite skipped="0" hostname="DESKTOP-GBI1DU6" name="week5.day1.classroom.DuplicateLead" tests="1" failures="0" timestamp="2019-12-21T11:00:18 IST" time="116.415" errors="0">
  <testcase name="duplicateLead" time="116.415" classname="week5.day1.classroom.DuplicateLead"/>
</testsuite> <!-- week5.day1.classroom.DuplicateLead -->
