<?xml version="1.0" encoding="UTF-8"?>
<!-- Generated by org.testng.reporters.JUnitReportReporter -->
<testsuite skipped="0" hostname="DESKTOP-GBI1DU6" name="week5.day1.classroom.CreateLead" tests="2" failures="0" timestamp="2019-12-25T10:55:20 IST" time="81.517" errors="0">
  <testcase name="createLead" time="51.150" classname="week5.day1.classroom.CreateLead"/>
  <testcase name="createLead" time="30.367" classname="week5.day1.classroom.CreateLead"/>
</testsuite> <!-- week5.day1.classroom.CreateLead -->
