<?xml version="1.0" encoding="UTF-8"?>
<!-- Generated by org.testng.reporters.JUnitReportReporter -->
<testsuite skipped="0" hostname="DESKTOP-GBI1DU6" name="week5.day1.classroom.EditLead" tests="1" failures="0" timestamp="2019-12-22T10:07:54 IST" time="21.503" errors="0">
  <testcase name="editLead" time="21.503" classname="week5.day1.classroom.EditLead"/>
</testsuite> <!-- week5.day1.classroom.EditLead -->
